<?xml version="1.0" encoding="UTF-8"?>
<!-- Generated by org.testng.reporters.JUnitReportReporter -->
<testsuite hostname="VaHDaTs-MacBook-Pro.local" failures="0" tests="2" name="qaclickacademy.RestAPITest" time="0.002" errors="0" timestamp="28 Nov 2019 23:52:06 GMT" skipped="0">
  <testcase classname="qaclickacademy.RestAPITest" name="postJira" time="0.001"/>
  <testcase classname="qaclickacademy.RestAPITest" name="deleteTwitter" time="0.001"/>
</testsuite> <!-- qaclickacademy.RestAPITest -->
