<?xml version="1.0" encoding="UTF-8"?>
<!-- Generated by org.testng.reporters.JUnitReportReporter -->
<testsuite hostname="VaHDaTs-MacBook-Pro.local" failures="0" tests="2" name="qaclickacademy.AppiumTest" time="0.006" errors="0" timestamp="28 Nov 2019 23:52:06 GMT" skipped="0">
  <testcase classname="qaclickacademy.AppiumTest" name="IOSApps" time="0.005"/>
  <testcase classname="qaclickacademy.AppiumTest" name="NativeAppAndroid" time="0.001"/>
</testsuite> <!-- qaclickacademy.AppiumTest -->
